<?xml version="1.0" encoding="UTF-8"?>
<!-- Generated by org.testng.reporters.JUnitReportReporter -->
<testsuite skipped="0" hostname="Lenovo-PC" name="pages.GoogleSearch2" tests="1" failures="0" timestamp="27 Oct 2018 04:20:18 GMT" time="17.617" errors="0">
  <testcase name="GoogleSearch12" time="17.617" classname="pages.GoogleSearch2"/>
</testsuite> <!-- pages.GoogleSearch2 -->
