<?xml version="1.0" encoding="UTF-8"?>
<!-- Generated by org.testng.reporters.JUnitReportReporter -->
<testsuite skipped="0" hostname="Lenovo-PC" name="pages.GoogleSearch" tests="1" failures="0" timestamp="27 Oct 2018 04:20:18 GMT" time="4.654" errors="0">
  <testcase name="GoogleSearch" time="4.654" classname="pages.GoogleSearch"/>
</testsuite> <!-- pages.GoogleSearch -->
