<?xml version="1.0" encoding="UTF-8"?>
<!-- Generated by org.testng.reporters.JUnitReportReporter -->
<testsuite skipped="0" hostname="Lenovo-PC" name="TestNGGroup.group" tests="3" failures="0" timestamp="27 Oct 2018 07:17:51 GMT" time="0.075" errors="0">
  <testcase name="test3" time="0.008" classname="TestNGGroup.group"/>
  <testcase name="test2" time="0.008" classname="TestNGGroup.group"/>
  <testcase name="test1" time="0.059" classname="TestNGGroup.group"/>
</testsuite> <!-- TestNGGroup.group -->
