<?xml version="1.0" encoding="UTF-8"?>
<!-- Generated by org.testng.reporters.JUnitReportReporter -->
<testsuite skipped="0" hostname="Lenovo-PC" name="TestNGPriority.SetPriority" tests="4" failures="0" timestamp="27 Oct 2018 05:42:36 GMT" time="0.083" errors="0">
  <testcase name="one" time="0.052" classname="TestNGPriority.SetPriority"/>
  <testcase name="three" time="0.010" classname="TestNGPriority.SetPriority"/>
  <testcase name="two" time="0.017" classname="TestNGPriority.SetPriority"/>
  <testcase name="four" time="0.004" classname="TestNGPriority.SetPriority"/>
</testsuite> <!-- TestNGPriority.SetPriority -->
