<?xml version="1.0" encoding="UTF-8"?>
<!-- Generated by org.testng.reporters.JUnitReportReporter -->
<testsuite skipped="0" hostname="Lenovo-PC" name="Listners.amazonBrowser" tests="1" failures="0" timestamp="27 Oct 2018 05:28:31 GMT" time="8.608" errors="0">
  <testcase name="GoogleSearch" time="8.608" classname="Listners.amazonBrowser"/>
</testsuite> <!-- Listners.amazonBrowser -->
