<?xml version="1.0" encoding="UTF-8"?>
<!-- Generated by org.testng.reporters.JUnitReportReporter -->
<testsuite skipped="0" hostname="Lenovo-PC" name="TestngDependsOnDemo.Dependson" tests="2" failures="0" timestamp="27 Oct 2018 10:13:49 GMT" time="0.075" errors="0">
  <testcase name="test1" time="0.006" classname="TestngDependsOnDemo.Dependson"/>
  <testcase name="test2" time="0.069" classname="TestngDependsOnDemo.Dependson"/>
</testsuite> <!-- TestngDependsOnDemo.Dependson -->
