<?xml version="1.0" encoding="UTF-8"?>
<!-- Generated by org.testng.reporters.JUnitReportReporter -->
<testsuite skipped="0" hostname="Lenovo-PC" name="pages.GoogleSearch3" tests="1" failures="0" timestamp="27 Oct 2018 04:20:18 GMT" time="17.524" errors="0">
  <testcase name="GoogleSearch3" time="17.524" classname="pages.GoogleSearch3"/>
</testsuite> <!-- pages.GoogleSearch3 -->
